<?xml version="1.0" encoding="UTF-8"?>
<testng-results skipped="0" failed="0" ignored="0" total="1" passed="1">
  <reporter-output>
  </reporter-output>
  <suite name="Suite1" duration-ms="15376" started-at="2019-09-02T10:09:38 IST" finished-at="2019-09-02T10:09:53 IST">
    <groups>
    </groups>
    <test name="test1" duration-ms="15376" started-at="2019-09-02T10:09:38 IST" finished-at="2019-09-02T10:09:53 IST">
      <class name="com.learning.framework.tests.Test1">
        <test-method status="PASS" signature="configureTests()[pri:0, instance:com.learning.framework.tests.Test1@9d5509a]" name="configureTests" is-config="true" duration-ms="3795" started-at="2019-09-02T10:09:38 IST" finished-at="2019-09-02T10:09:41 IST">
          <reporter-output>
          </reporter-output>
        </test-method> <!-- configureTests -->
        <test-method status="PASS" signature="testing()[pri:0, instance:com.learning.framework.tests.Test1@9d5509a, instance params:[{browser=Chrome, Execution Flag=Yes, Test Case=Invalid Credentials, URL=https://www.flipkart.com/, Username=7736356358, Password=kristenjogey, rowCount=1}]]" name="testing" duration-ms="9877" started-at="2019-09-02T10:09:41 IST" finished-at="2019-09-02T10:09:51 IST">
          <reporter-output>
          </reporter-output>
        </test-method> <!-- testing -->
        <test-method status="PASS" signature="afterTests(org.testng.ITestResult)[pri:0, instance:com.learning.framework.tests.Test1@9d5509a]" name="afterTests" is-config="true" duration-ms="1650" started-at="2019-09-02T10:09:51 IST" finished-at="2019-09-02T10:09:53 IST">
          <params>
            <param index="0">
              <value>
                <![CDATA[[TestResult name=testing status=SUCCESS method=Test1.testing()[pri:0, instance:com.learning.framework.tests.Test1@9d5509a, instance params:[{browser=Chrome, Execution Flag=Yes, Test Case=Invalid Credentials, URL=https://www.flipkart.com/, Username=7736356358, Password=kristenjogey, rowCount=1}]] output={null}]]]>
              </value>
            </param>
          </params>
          <reporter-output>
          </reporter-output>
        </test-method> <!-- afterTests -->
      </class> <!-- com.learning.framework.tests.Test1 -->
    </test> <!-- test1 -->
  </suite> <!-- Suite1 -->
</testng-results>
